<?xml version="1.0" encoding="UTF-8"?>
<!-- Generated by org.testng.reporters.JUnitReportReporter -->
<testsuite hostname="ushofml311226" name="com.cucumber.testng.examples.RunCukesByFeatureAndCompositionTest1" tests="1" failures="0" timestamp="14 Jun 2017 21:12:21 GMT" time="10.810" errors="1">
  <testcase name="feature" time="10.810" classname="com.cucumber.testng.examples.RunCukesByFeatureAndCompositionTest1">
    <error type="cucumber.runtime.CucumberException" message="cucumber.runtime.CucumberException: Arity mismatch: Step Definition &#039;com.cucumber.testng.examples.BaseStepDefs.enterLocationDeatils(String,String) in file:/Users/kmathai/Desktop/test/cucumber-jvm-testng-integration-master/target/test-classes/&#039; with pattern [^Provide Origin and Destination$] is declared with 2 parameters. However, the gherkin step has 1 arguments [Table:[[Origin, Destination], [San Francisco, CA 94102, San Francisco, CA 94104], [New York, NY 10037, New York, NY 10036]]]. 
Step: When Provide Origin and Destination">
      <![CDATA[cucumber.runtime.CucumberException: cucumber.runtime.CucumberException: Arity mismatch: Step Definition 'com.cucumber.testng.examples.BaseStepDefs.enterLocationDeatils(String,String) in file:/Users/kmathai/Desktop/test/cucumber-jvm-testng-integration-master/target/test-classes/' with pattern [^Provide Origin and Destination$] is declared with 2 parameters. However, the gherkin step has 1 arguments [Table:[[Origin, Destination], [San Francisco, CA 94102, San Francisco, CA 94104], [New York, NY 10037, New York, NY 10036]]]. 
Step: When Provide Origin and Destination
	at cucumber.api.testng.TestNGCucumberRunner.runCucumber(TestNGCucumberRunner.java:69)
	at com.cucumber.testng.examples.RunCukesByFeatureAndCompositionTest1.feature(RunCukesByFeatureAndCompositionTest1.java:26)
	at sun.reflect.NativeMethodAccessorImpl.invoke0(Native Method)
	at sun.reflect.NativeMethodAccessorImpl.invoke(NativeMethodAccessorImpl.java:62)
	at sun.reflect.DelegatingMethodAccessorImpl.invoke(DelegatingMethodAccessorImpl.java:43)
	at java.lang.reflect.Method.invoke(Method.java:497)
	at org.testng.internal.MethodInvocationHelper.invokeMethod(MethodInvocationHelper.java:85)
	at org.testng.internal.Invoker.invokeMethod(Invoker.java:639)
	at org.testng.internal.Invoker.invokeTestMethod(Invoker.java:816)
	at org.testng.internal.Invoker.invokeTestMethods(Invoker.java:1124)
	at org.testng.internal.TestMethodWorker.invokeTestMethods(TestMethodWorker.java:125)
	at org.testng.internal.TestMethodWorker.run(TestMethodWorker.java:108)
	at org.testng.TestRunner.privateRun(TestRunner.java:774)
	at org.testng.TestRunner.run(TestRunner.java:624)
	at org.testng.SuiteRunner.runTest(SuiteRunner.java:359)
	at org.testng.SuiteRunner.runSequentially(SuiteRunner.java:354)
	at org.testng.SuiteRunner.privateRun(SuiteRunner.java:312)
	at org.testng.SuiteRunner.run(SuiteRunner.java:261)
	at org.testng.SuiteRunnerWorker.runSuite(SuiteRunnerWorker.java:52)
	at org.testng.SuiteRunnerWorker.run(SuiteRunnerWorker.java:86)
	at org.testng.TestNG.runSuitesSequentially(TestNG.java:1191)
	at org.testng.TestNG.runSuitesLocally(TestNG.java:1116)
	at org.testng.TestNG.run(TestNG.java:1024)
	at org.testng.remote.AbstractRemoteTestNG.run(AbstractRemoteTestNG.java:126)
	at org.testng.remote.RemoteTestNG.initAndRun(RemoteTestNG.java:152)
	at org.testng.remote.RemoteTestNG.main(RemoteTestNG.java:57)
Caused by: cucumber.runtime.CucumberException: Arity mismatch: Step Definition 'com.cucumber.testng.examples.BaseStepDefs.enterLocationDeatils(String,String) in file:/Users/kmathai/Desktop/test/cucumber-jvm-testng-integration-master/target/test-classes/' with pattern [^Provide Origin and Destination$] is declared with 2 parameters. However, the gherkin step has 1 arguments [Table:[[Origin, Destination], [San Francisco, CA 94102, San Francisco, CA 94104], [New York, NY 10037, New York, NY 10036]]]. 
Step: When Provide Origin and Destination
	at cucumber.runtime.StepDefinitionMatch.arityMismatch(StepDefinitionMatch.java:102)
	at cucumber.runtime.StepDefinitionMatch.transformedArgs(StepDefinitionMatch.java:60)
	at cucumber.runtime.StepDefinitionMatch.runStep(StepDefinitionMatch.java:37)
	at cucumber.runtime.Runtime.runStep(Runtime.java:299)
	at cucumber.runtime.model.StepContainer.runStep(StepContainer.java:44)
	at cucumber.runtime.model.StepContainer.runSteps(StepContainer.java:39)
	at cucumber.runtime.model.CucumberScenario.run(CucumberScenario.java:44)
	at cucumber.runtime.model.CucumberFeature.run(CucumberFeature.java:165)
	at cucumber.api.testng.TestNGCucumberRunner.runCucumber(TestNGCucumberRunner.java:63)
	... 25 more
]]>
    </error>
  </testcase> <!-- feature -->
</testsuite> <!-- com.cucumber.testng.examples.RunCukesByFeatureAndCompositionTest1 -->
